Analysis & Synthesis report for Lab7
Fri Oct 19 13:57:30 2018
Quartus Prime Version 17.0.0 Build 595 04/25/2017 SJ Standard Edition


---------------------
; Table of Contents ;
---------------------
  1. Legal Notice
  2. Analysis & Synthesis Summary
  3. Analysis & Synthesis Settings
  4. Parallel Compilation
  5. Analysis & Synthesis Source Files Read
  6. Analysis & Synthesis Resource Usage Summary
  7. Analysis & Synthesis Resource Utilization by Entity
  8. Analysis & Synthesis DSP Block Usage Summary
  9. General Register Statistics
 10. Multiplexer Restructuring Statistics (Restructuring Performed)
 11. Parameter Settings for Inferred Entity Instance: calculator:U1|lpm_divide:Div0
 12. Parameter Settings for Inferred Entity Instance: ssd_driver:U2|lpm_divide:Div0
 13. Parameter Settings for Inferred Entity Instance: ssd_driver:U2|lpm_divide:Mod0
 14. Parameter Settings for Inferred Entity Instance: ssd_driver:U2|lpm_divide:Div1
 15. Parameter Settings for Inferred Entity Instance: ssd_driver:U2|lpm_divide:Mod1
 16. Post-Synthesis Netlist Statistics for Top Partition
 17. Elapsed Time Per Partition
 18. Analysis & Synthesis Messages



----------------
; Legal Notice ;
----------------
Copyright (C) 2017  Intel Corporation. All rights reserved.
Your use of Intel Corporation's design tools, logic functions 
and other software and tools, and its AMPP partner logic 
functions, and any output files from any of the foregoing 
(including device programming or simulation files), and any 
associated documentation or information are expressly subject 
to the terms and conditions of the Intel Program License 
Subscription Agreement, the Intel Quartus Prime License Agreement,
the Intel MegaCore Function License Agreement, or other 
applicable license agreement, including, without limitation, 
that your use is for the sole purpose of programming logic 
devices manufactured by Intel and sold by Intel or its 
authorized distributors.  Please refer to the applicable 
agreement for further details.



+-----------------------------------------------------------------------------------+
; Analysis & Synthesis Summary                                                      ;
+---------------------------------+-------------------------------------------------+
; Analysis & Synthesis Status     ; Successful - Fri Oct 19 13:57:30 2018           ;
; Quartus Prime Version           ; 17.0.0 Build 595 04/25/2017 SJ Standard Edition ;
; Revision Name                   ; Lab7                                            ;
; Top-level Entity Name           ; Lab7                                            ;
; Family                          ; Cyclone V                                       ;
; Logic utilization (in ALMs)     ; N/A                                             ;
; Total registers                 ; 0                                               ;
; Total pins                      ; 38                                              ;
; Total virtual pins              ; 0                                               ;
; Total block memory bits         ; 0                                               ;
; Total DSP Blocks                ; 1                                               ;
; Total HSSI RX PCSs              ; 0                                               ;
; Total HSSI PMA RX Deserializers ; 0                                               ;
; Total HSSI TX PCSs              ; 0                                               ;
; Total HSSI PMA TX Serializers   ; 0                                               ;
; Total PLLs                      ; 0                                               ;
; Total DLLs                      ; 0                                               ;
+---------------------------------+-------------------------------------------------+


+---------------------------------------------------------------------------------------------------------------------------+
; Analysis & Synthesis Settings                                                                                             ;
+---------------------------------------------------------------------------------+--------------------+--------------------+
; Option                                                                          ; Setting            ; Default Value      ;
+---------------------------------------------------------------------------------+--------------------+--------------------+
; Device                                                                          ; 5CEBA4F23C7        ;                    ;
; Top-level entity name                                                           ; Lab7               ; Lab7               ;
; Family name                                                                     ; Cyclone V          ; Cyclone V          ;
; Use smart compilation                                                           ; Off                ; Off                ;
; Enable parallel Assembler and TimeQuest Timing Analyzer during compilation      ; On                 ; On                 ;
; Enable compact report table                                                     ; Off                ; Off                ;
; Restructure Multiplexers                                                        ; Auto               ; Auto               ;
; MLAB Add Timing Constraints For Mixed-Port Feed-Through Mode Setting Don't Care ; Off                ; Off                ;
; Create Debugging Nodes for IP Cores                                             ; Off                ; Off                ;
; Preserve fewer node names                                                       ; On                 ; On                 ;
; OpenCore Plus hardware evaluation                                               ; Enable             ; Enable             ;
; Verilog Version                                                                 ; Verilog_2001       ; Verilog_2001       ;
; VHDL Version                                                                    ; VHDL_1993          ; VHDL_1993          ;
; State Machine Processing                                                        ; Auto               ; Auto               ;
; Safe State Machine                                                              ; Off                ; Off                ;
; Extract Verilog State Machines                                                  ; On                 ; On                 ;
; Extract VHDL State Machines                                                     ; On                 ; On                 ;
; Ignore Verilog initial constructs                                               ; Off                ; Off                ;
; Iteration limit for constant Verilog loops                                      ; 5000               ; 5000               ;
; Iteration limit for non-constant Verilog loops                                  ; 250                ; 250                ;
; Add Pass-Through Logic to Inferred RAMs                                         ; On                 ; On                 ;
; Infer RAMs from Raw Logic                                                       ; On                 ; On                 ;
; Parallel Synthesis                                                              ; On                 ; On                 ;
; DSP Block Balancing                                                             ; Auto               ; Auto               ;
; NOT Gate Push-Back                                                              ; On                 ; On                 ;
; Power-Up Don't Care                                                             ; On                 ; On                 ;
; Remove Redundant Logic Cells                                                    ; Off                ; Off                ;
; Remove Duplicate Registers                                                      ; On                 ; On                 ;
; Ignore CARRY Buffers                                                            ; Off                ; Off                ;
; Ignore CASCADE Buffers                                                          ; Off                ; Off                ;
; Ignore GLOBAL Buffers                                                           ; Off                ; Off                ;
; Ignore ROW GLOBAL Buffers                                                       ; Off                ; Off                ;
; Ignore LCELL Buffers                                                            ; Off                ; Off                ;
; Ignore SOFT Buffers                                                             ; On                 ; On                 ;
; Limit AHDL Integers to 32 Bits                                                  ; Off                ; Off                ;
; Optimization Technique                                                          ; Balanced           ; Balanced           ;
; Carry Chain Length                                                              ; 70                 ; 70                 ;
; Auto Carry Chains                                                               ; On                 ; On                 ;
; Auto Open-Drain Pins                                                            ; On                 ; On                 ;
; Perform WYSIWYG Primitive Resynthesis                                           ; Off                ; Off                ;
; Auto ROM Replacement                                                            ; On                 ; On                 ;
; Auto RAM Replacement                                                            ; On                 ; On                 ;
; Auto DSP Block Replacement                                                      ; On                 ; On                 ;
; Auto Shift Register Replacement                                                 ; Auto               ; Auto               ;
; Allow Shift Register Merging across Hierarchies                                 ; Auto               ; Auto               ;
; Auto Clock Enable Replacement                                                   ; On                 ; On                 ;
; Strict RAM Replacement                                                          ; Off                ; Off                ;
; Allow Synchronous Control Signals                                               ; On                 ; On                 ;
; Force Use of Synchronous Clear Signals                                          ; Off                ; Off                ;
; Auto Resource Sharing                                                           ; Off                ; Off                ;
; Allow Any RAM Size For Recognition                                              ; Off                ; Off                ;
; Allow Any ROM Size For Recognition                                              ; Off                ; Off                ;
; Allow Any Shift Register Size For Recognition                                   ; Off                ; Off                ;
; Use LogicLock Constraints during Resource Balancing                             ; On                 ; On                 ;
; Ignore translate_off and synthesis_off directives                               ; Off                ; Off                ;
; Timing-Driven Synthesis                                                         ; On                 ; On                 ;
; Report Parameter Settings                                                       ; On                 ; On                 ;
; Report Source Assignments                                                       ; On                 ; On                 ;
; Report Connectivity Checks                                                      ; On                 ; On                 ;
; Ignore Maximum Fan-Out Assignments                                              ; Off                ; Off                ;
; Synchronization Register Chain Length                                           ; 3                  ; 3                  ;
; PowerPlay Power Optimization During Synthesis                                   ; Normal compilation ; Normal compilation ;
; HDL message level                                                               ; Level2             ; Level2             ;
; Suppress Register Optimization Related Messages                                 ; Off                ; Off                ;
; Number of Removed Registers Reported in Synthesis Report                        ; 5000               ; 5000               ;
; Number of Swept Nodes Reported in Synthesis Report                              ; 5000               ; 5000               ;
; Number of Inverted Registers Reported in Synthesis Report                       ; 100                ; 100                ;
; Clock MUX Protection                                                            ; On                 ; On                 ;
; Auto Gated Clock Conversion                                                     ; Off                ; Off                ;
; Block Design Naming                                                             ; Auto               ; Auto               ;
; SDC constraint protection                                                       ; Off                ; Off                ;
; Synthesis Effort                                                                ; Auto               ; Auto               ;
; Shift Register Replacement - Allow Asynchronous Clear Signal                    ; On                 ; On                 ;
; Pre-Mapping Resynthesis Optimization                                            ; Off                ; Off                ;
; Analysis & Synthesis Message Level                                              ; Medium             ; Medium             ;
; Disable Register Merging Across Hierarchies                                     ; Auto               ; Auto               ;
; Resource Aware Inference For Block RAM                                          ; On                 ; On                 ;
; Automatic Parallel Synthesis                                                    ; On                 ; On                 ;
; Partial Reconfiguration Bitstream ID                                            ; Off                ; Off                ;
+---------------------------------------------------------------------------------+--------------------+--------------------+


+------------------------------------------+
; Parallel Compilation                     ;
+----------------------------+-------------+
; Processors                 ; Number      ;
+----------------------------+-------------+
; Number detected on machine ; 8           ;
; Maximum allowed            ; 4           ;
;                            ;             ;
; Average used               ; 1.00        ;
; Maximum used               ; 1           ;
;                            ;             ;
; Usage by Processor         ; % Time Used ;
;     Processor 1            ; 100.0%      ;
+----------------------------+-------------+


+---------------------------------------------------------------------------------------------------------------------------------------------------------------------+
; Analysis & Synthesis Source Files Read                                                                                                                              ;
+----------------------------------+-----------------+------------------------------+-----------------------------------------------------------------------+---------+
; File Name with User-Entered Path ; Used in Netlist ; File Type                    ; File Name with Absolute Path                                          ; Library ;
+----------------------------------+-----------------+------------------------------+-----------------------------------------------------------------------+---------+
; lab7.vhd                         ; yes             ; Auto-Found VHDL File         ; S:/CPET232/Lab7/lab7.vhd                                              ;         ;
; calculator.vhd                   ; yes             ; Auto-Found VHDL File         ; S:/CPET232/Lab7/calculator.vhd                                        ;         ;
; ssd_driver.vhd                   ; yes             ; Auto-Found VHDL File         ; S:/CPET232/Lab7/ssd_driver.vhd                                        ;         ;
; lpm_divide.tdf                   ; yes             ; Megafunction                 ; c:/intelfpga/17.0/quartus/libraries/megafunctions/lpm_divide.tdf      ;         ;
; abs_divider.inc                  ; yes             ; Megafunction                 ; c:/intelfpga/17.0/quartus/libraries/megafunctions/abs_divider.inc     ;         ;
; sign_div_unsign.inc              ; yes             ; Megafunction                 ; c:/intelfpga/17.0/quartus/libraries/megafunctions/sign_div_unsign.inc ;         ;
; aglobal170.inc                   ; yes             ; Megafunction                 ; c:/intelfpga/17.0/quartus/libraries/megafunctions/aglobal170.inc      ;         ;
; db/lpm_divide_1oo.tdf            ; yes             ; Auto-Generated Megafunction  ; S:/CPET232/Lab7/db/lpm_divide_1oo.tdf                                 ;         ;
; db/abs_divider_aag.tdf           ; yes             ; Auto-Generated Megafunction  ; S:/CPET232/Lab7/db/abs_divider_aag.tdf                                ;         ;
; db/alt_u_div_4te.tdf             ; yes             ; Auto-Generated Megafunction  ; S:/CPET232/Lab7/db/alt_u_div_4te.tdf                                  ;         ;
; db/lpm_abs_nn9.tdf               ; yes             ; Auto-Generated Megafunction  ; S:/CPET232/Lab7/db/lpm_abs_nn9.tdf                                    ;         ;
; db/lpm_divide_8am.tdf            ; yes             ; Auto-Generated Megafunction  ; S:/CPET232/Lab7/db/lpm_divide_8am.tdf                                 ;         ;
; db/sign_div_unsign_ekh.tdf       ; yes             ; Auto-Generated Megafunction  ; S:/CPET232/Lab7/db/sign_div_unsign_ekh.tdf                            ;         ;
; db/alt_u_div_2te.tdf             ; yes             ; Auto-Generated Megafunction  ; S:/CPET232/Lab7/db/alt_u_div_2te.tdf                                  ;         ;
; db/lpm_divide_c2m.tdf            ; yes             ; Auto-Generated Megafunction  ; S:/CPET232/Lab7/db/lpm_divide_c2m.tdf                                 ;         ;
; db/sign_div_unsign_fkh.tdf       ; yes             ; Auto-Generated Megafunction  ; S:/CPET232/Lab7/db/sign_div_unsign_fkh.tdf                            ;         ;
; db/lpm_divide_5am.tdf            ; yes             ; Auto-Generated Megafunction  ; S:/CPET232/Lab7/db/lpm_divide_5am.tdf                                 ;         ;
; db/sign_div_unsign_bkh.tdf       ; yes             ; Auto-Generated Megafunction  ; S:/CPET232/Lab7/db/sign_div_unsign_bkh.tdf                            ;         ;
; db/alt_u_div_sse.tdf             ; yes             ; Auto-Generated Megafunction  ; S:/CPET232/Lab7/db/alt_u_div_sse.tdf                                  ;         ;
+----------------------------------+-----------------+------------------------------+-----------------------------------------------------------------------+---------+


+--------------------------------------------------------------------------------------------------------------------------------------------------------------------+
; Analysis & Synthesis Resource Usage Summary                                                                                                                        ;
+---------------------------------------------+----------------------------------------------------------------------------------------------------------------------+
; Resource                                    ; Usage                                                                                                                ;
+---------------------------------------------+----------------------------------------------------------------------------------------------------------------------+
; Estimate of Logic utilization (ALMs needed) ; 168                                                                                                                  ;
;                                             ;                                                                                                                      ;
; Combinational ALUT usage for logic          ; 325                                                                                                                  ;
;     -- 7 input functions                    ; 0                                                                                                                    ;
;     -- 6 input functions                    ; 10                                                                                                                   ;
;     -- 5 input functions                    ; 10                                                                                                                   ;
;     -- 4 input functions                    ; 79                                                                                                                   ;
;     -- <=3 input functions                  ; 226                                                                                                                  ;
;                                             ;                                                                                                                      ;
; Dedicated logic registers                   ; 0                                                                                                                    ;
;                                             ;                                                                                                                      ;
; I/O pins                                    ; 38                                                                                                                   ;
;                                             ;                                                                                                                      ;
; Total DSP Blocks                            ; 1                                                                                                                    ;
;                                             ;                                                                                                                      ;
; Maximum fan-out node                        ; ssd_driver:U2|lpm_divide:Mod0|lpm_divide_c2m:auto_generated|sign_div_unsign_fkh:divider|alt_u_div_4te:divider|op_8~1 ;
; Maximum fan-out                             ; 29                                                                                                                   ;
; Total fan-out                               ; 1064                                                                                                                 ;
; Average fan-out                             ; 2.65                                                                                                                 ;
+---------------------------------------------+----------------------------------------------------------------------------------------------------------------------+


+---------------------------------------------------------------------------------------------------------------------------------------------------------------------------------------------------------------------------------------------------------------------------------------------------------------+
; Analysis & Synthesis Resource Utilization by Entity                                                                                                                                                                                                                                                           ;
+-------------------------------------------+---------------------+---------------------------+-------------------+------------+------+--------------+---------------------------------------------------------------------------------------------------------------------+---------------------+--------------+
; Compilation Hierarchy Node                ; Combinational ALUTs ; Dedicated Logic Registers ; Block Memory Bits ; DSP Blocks ; Pins ; Virtual Pins ; Full Hierarchy Name                                                                                                 ; Entity Name         ; Library Name ;
+-------------------------------------------+---------------------+---------------------------+-------------------+------------+------+--------------+---------------------------------------------------------------------------------------------------------------------+---------------------+--------------+
; |Lab7                                     ; 325 (0)             ; 0 (0)                     ; 0                 ; 1          ; 38   ; 0            ; |Lab7                                                                                                               ; Lab7                ; work         ;
;    |calculator:U1|                        ; 119 (18)            ; 0 (0)                     ; 0                 ; 1          ; 0    ; 0            ; |Lab7|calculator:U1                                                                                                 ; calculator          ; work         ;
;       |lpm_divide:Div0|                   ; 101 (0)             ; 0 (0)                     ; 0                 ; 0          ; 0    ; 0            ; |Lab7|calculator:U1|lpm_divide:Div0                                                                                 ; lpm_divide          ; work         ;
;          |lpm_divide_1oo:auto_generated|  ; 101 (0)             ; 0 (0)                     ; 0                 ; 0          ; 0    ; 0            ; |Lab7|calculator:U1|lpm_divide:Div0|lpm_divide_1oo:auto_generated                                                   ; lpm_divide_1oo      ; work         ;
;             |abs_divider_aag:divider|     ; 101 (17)            ; 0 (0)                     ; 0                 ; 0          ; 0    ; 0            ; |Lab7|calculator:U1|lpm_divide:Div0|lpm_divide_1oo:auto_generated|abs_divider_aag:divider                           ; abs_divider_aag     ; work         ;
;                |alt_u_div_4te:divider|    ; 76 (76)             ; 0 (0)                     ; 0                 ; 0          ; 0    ; 0            ; |Lab7|calculator:U1|lpm_divide:Div0|lpm_divide_1oo:auto_generated|abs_divider_aag:divider|alt_u_div_4te:divider     ; alt_u_div_4te       ; work         ;
;                |lpm_abs_nn9:my_abs_den|   ; 4 (4)               ; 0 (0)                     ; 0                 ; 0          ; 0    ; 0            ; |Lab7|calculator:U1|lpm_divide:Div0|lpm_divide_1oo:auto_generated|abs_divider_aag:divider|lpm_abs_nn9:my_abs_den    ; lpm_abs_nn9         ; work         ;
;                |lpm_abs_nn9:my_abs_num|   ; 4 (4)               ; 0 (0)                     ; 0                 ; 0          ; 0    ; 0            ; |Lab7|calculator:U1|lpm_divide:Div0|lpm_divide_1oo:auto_generated|abs_divider_aag:divider|lpm_abs_nn9:my_abs_num    ; lpm_abs_nn9         ; work         ;
;    |ssd_driver:U2|                        ; 206 (25)            ; 0 (0)                     ; 0                 ; 0          ; 0    ; 0            ; |Lab7|ssd_driver:U2                                                                                                 ; ssd_driver          ; work         ;
;       |lpm_divide:Div0|                   ; 24 (0)              ; 0 (0)                     ; 0                 ; 0          ; 0    ; 0            ; |Lab7|ssd_driver:U2|lpm_divide:Div0                                                                                 ; lpm_divide          ; work         ;
;          |lpm_divide_8am:auto_generated|  ; 24 (0)              ; 0 (0)                     ; 0                 ; 0          ; 0    ; 0            ; |Lab7|ssd_driver:U2|lpm_divide:Div0|lpm_divide_8am:auto_generated                                                   ; lpm_divide_8am      ; work         ;
;             |sign_div_unsign_ekh:divider| ; 24 (0)              ; 0 (0)                     ; 0                 ; 0          ; 0    ; 0            ; |Lab7|ssd_driver:U2|lpm_divide:Div0|lpm_divide_8am:auto_generated|sign_div_unsign_ekh:divider                       ; sign_div_unsign_ekh ; work         ;
;                |alt_u_div_2te:divider|    ; 24 (24)             ; 0 (0)                     ; 0                 ; 0          ; 0    ; 0            ; |Lab7|ssd_driver:U2|lpm_divide:Div0|lpm_divide_8am:auto_generated|sign_div_unsign_ekh:divider|alt_u_div_2te:divider ; alt_u_div_2te       ; work         ;
;       |lpm_divide:Div1|                   ; 47 (0)              ; 0 (0)                     ; 0                 ; 0          ; 0    ; 0            ; |Lab7|ssd_driver:U2|lpm_divide:Div1                                                                                 ; lpm_divide          ; work         ;
;          |lpm_divide_5am:auto_generated|  ; 47 (0)              ; 0 (0)                     ; 0                 ; 0          ; 0    ; 0            ; |Lab7|ssd_driver:U2|lpm_divide:Div1|lpm_divide_5am:auto_generated                                                   ; lpm_divide_5am      ; work         ;
;             |sign_div_unsign_bkh:divider| ; 47 (0)              ; 0 (0)                     ; 0                 ; 0          ; 0    ; 0            ; |Lab7|ssd_driver:U2|lpm_divide:Div1|lpm_divide_5am:auto_generated|sign_div_unsign_bkh:divider                       ; sign_div_unsign_bkh ; work         ;
;                |alt_u_div_sse:divider|    ; 47 (47)             ; 0 (0)                     ; 0                 ; 0          ; 0    ; 0            ; |Lab7|ssd_driver:U2|lpm_divide:Div1|lpm_divide_5am:auto_generated|sign_div_unsign_bkh:divider|alt_u_div_sse:divider ; alt_u_div_sse       ; work         ;
;       |lpm_divide:Mod0|                   ; 43 (0)              ; 0 (0)                     ; 0                 ; 0          ; 0    ; 0            ; |Lab7|ssd_driver:U2|lpm_divide:Mod0                                                                                 ; lpm_divide          ; work         ;
;          |lpm_divide_c2m:auto_generated|  ; 43 (0)              ; 0 (0)                     ; 0                 ; 0          ; 0    ; 0            ; |Lab7|ssd_driver:U2|lpm_divide:Mod0|lpm_divide_c2m:auto_generated                                                   ; lpm_divide_c2m      ; work         ;
;             |sign_div_unsign_fkh:divider| ; 43 (0)              ; 0 (0)                     ; 0                 ; 0          ; 0    ; 0            ; |Lab7|ssd_driver:U2|lpm_divide:Mod0|lpm_divide_c2m:auto_generated|sign_div_unsign_fkh:divider                       ; sign_div_unsign_fkh ; work         ;
;                |alt_u_div_4te:divider|    ; 43 (43)             ; 0 (0)                     ; 0                 ; 0          ; 0    ; 0            ; |Lab7|ssd_driver:U2|lpm_divide:Mod0|lpm_divide_c2m:auto_generated|sign_div_unsign_fkh:divider|alt_u_div_4te:divider ; alt_u_div_4te       ; work         ;
;       |lpm_divide:Mod1|                   ; 67 (0)              ; 0 (0)                     ; 0                 ; 0          ; 0    ; 0            ; |Lab7|ssd_driver:U2|lpm_divide:Mod1                                                                                 ; lpm_divide          ; work         ;
;          |lpm_divide_c2m:auto_generated|  ; 67 (0)              ; 0 (0)                     ; 0                 ; 0          ; 0    ; 0            ; |Lab7|ssd_driver:U2|lpm_divide:Mod1|lpm_divide_c2m:auto_generated                                                   ; lpm_divide_c2m      ; work         ;
;             |sign_div_unsign_fkh:divider| ; 67 (0)              ; 0 (0)                     ; 0                 ; 0          ; 0    ; 0            ; |Lab7|ssd_driver:U2|lpm_divide:Mod1|lpm_divide_c2m:auto_generated|sign_div_unsign_fkh:divider                       ; sign_div_unsign_fkh ; work         ;
;                |alt_u_div_4te:divider|    ; 67 (67)             ; 0 (0)                     ; 0                 ; 0          ; 0    ; 0            ; |Lab7|ssd_driver:U2|lpm_divide:Mod1|lpm_divide_c2m:auto_generated|sign_div_unsign_fkh:divider|alt_u_div_4te:divider ; alt_u_div_4te       ; work         ;
+-------------------------------------------+---------------------+---------------------------+-------------------+------------+------+--------------+---------------------------------------------------------------------------------------------------------------------+---------------------+--------------+
Note: For table entries with two numbers listed, the numbers in parentheses indicate the number of resources of the given type used by the specific entity alone. The numbers listed outside of parentheses indicate the total resources of the given type used by the specific entity and all of its sub-entities in the hierarchy.


+----------------------------------------------+
; Analysis & Synthesis DSP Block Usage Summary ;
+-------------------------------+--------------+
; Statistic                     ; Number Used  ;
+-------------------------------+--------------+
; Independent 9x9               ; 1            ;
; Total number of DSP blocks    ; 1            ;
;                               ;              ;
; Fixed Point Signed Multiplier ; 1            ;
+-------------------------------+--------------+


+------------------------------------------------------+
; General Register Statistics                          ;
+----------------------------------------------+-------+
; Statistic                                    ; Value ;
+----------------------------------------------+-------+
; Total registers                              ; 0     ;
; Number of registers using Synchronous Clear  ; 0     ;
; Number of registers using Synchronous Load   ; 0     ;
; Number of registers using Asynchronous Clear ; 0     ;
; Number of registers using Asynchronous Load  ; 0     ;
; Number of registers using Clock Enable       ; 0     ;
; Number of registers using Preset             ; 0     ;
+----------------------------------------------+-------+


+------------------------------------------------------------------------------------------------------------------------------------------+
; Multiplexer Restructuring Statistics (Restructuring Performed)                                                                           ;
+--------------------+-----------+---------------+----------------------+------------------------+------------+----------------------------+
; Multiplexer Inputs ; Bus Width ; Baseline Area ; Area if Restructured ; Saving if Restructured ; Registered ; Example Multiplexer Output ;
+--------------------+-----------+---------------+----------------------+------------------------+------------+----------------------------+
; 4:1                ; 8 bits    ; 16 LEs        ; 16 LEs               ; 0 LEs                  ; No         ; |Lab7|calculator:U1|Mux7   ;
+--------------------+-----------+---------------+----------------------+------------------------+------------+----------------------------+


+--------------------------------------------------------------------------------+
; Parameter Settings for Inferred Entity Instance: calculator:U1|lpm_divide:Div0 ;
+------------------------+----------------+--------------------------------------+
; Parameter Name         ; Value          ; Type                                 ;
+------------------------+----------------+--------------------------------------+
; LPM_WIDTHN             ; 8              ; Untyped                              ;
; LPM_WIDTHD             ; 8              ; Untyped                              ;
; LPM_NREPRESENTATION    ; SIGNED         ; Untyped                              ;
; LPM_DREPRESENTATION    ; SIGNED         ; Untyped                              ;
; LPM_PIPELINE           ; 0              ; Untyped                              ;
; LPM_REMAINDERPOSITIVE  ; FALSE          ; Untyped                              ;
; MAXIMIZE_SPEED         ; 5              ; Untyped                              ;
; CBXI_PARAMETER         ; lpm_divide_1oo ; Untyped                              ;
; CARRY_CHAIN            ; MANUAL         ; Untyped                              ;
; OPTIMIZE_FOR_SPEED     ; 5              ; Untyped                              ;
; AUTO_CARRY_CHAINS      ; ON             ; AUTO_CARRY                           ;
; IGNORE_CARRY_BUFFERS   ; OFF            ; IGNORE_CARRY                         ;
; AUTO_CASCADE_CHAINS    ; ON             ; AUTO_CASCADE                         ;
; IGNORE_CASCADE_BUFFERS ; OFF            ; IGNORE_CASCADE                       ;
+------------------------+----------------+--------------------------------------+
Note: In order to hide this table in the UI and the text report file, please set the "Show Parameter Settings in Synthesis Report" option in "Analysis and Synthesis Settings -> More Settings" to "Off".


+--------------------------------------------------------------------------------+
; Parameter Settings for Inferred Entity Instance: ssd_driver:U2|lpm_divide:Div0 ;
+------------------------+----------------+--------------------------------------+
; Parameter Name         ; Value          ; Type                                 ;
+------------------------+----------------+--------------------------------------+
; LPM_WIDTHN             ; 8              ; Untyped                              ;
; LPM_WIDTHD             ; 7              ; Untyped                              ;
; LPM_NREPRESENTATION    ; UNSIGNED       ; Untyped                              ;
; LPM_DREPRESENTATION    ; UNSIGNED       ; Untyped                              ;
; LPM_PIPELINE           ; 0              ; Untyped                              ;
; LPM_REMAINDERPOSITIVE  ; TRUE           ; Untyped                              ;
; MAXIMIZE_SPEED         ; 5              ; Untyped                              ;
; CBXI_PARAMETER         ; lpm_divide_8am ; Untyped                              ;
; CARRY_CHAIN            ; MANUAL         ; Untyped                              ;
; OPTIMIZE_FOR_SPEED     ; 5              ; Untyped                              ;
; AUTO_CARRY_CHAINS      ; ON             ; AUTO_CARRY                           ;
; IGNORE_CARRY_BUFFERS   ; OFF            ; IGNORE_CARRY                         ;
; AUTO_CASCADE_CHAINS    ; ON             ; AUTO_CASCADE                         ;
; IGNORE_CASCADE_BUFFERS ; OFF            ; IGNORE_CASCADE                       ;
+------------------------+----------------+--------------------------------------+
Note: In order to hide this table in the UI and the text report file, please set the "Show Parameter Settings in Synthesis Report" option in "Analysis and Synthesis Settings -> More Settings" to "Off".


+--------------------------------------------------------------------------------+
; Parameter Settings for Inferred Entity Instance: ssd_driver:U2|lpm_divide:Mod0 ;
+------------------------+----------------+--------------------------------------+
; Parameter Name         ; Value          ; Type                                 ;
+------------------------+----------------+--------------------------------------+
; LPM_WIDTHN             ; 8              ; Untyped                              ;
; LPM_WIDTHD             ; 8              ; Untyped                              ;
; LPM_NREPRESENTATION    ; UNSIGNED       ; Untyped                              ;
; LPM_DREPRESENTATION    ; UNSIGNED       ; Untyped                              ;
; LPM_PIPELINE           ; 0              ; Untyped                              ;
; LPM_REMAINDERPOSITIVE  ; TRUE           ; Untyped                              ;
; MAXIMIZE_SPEED         ; 5              ; Untyped                              ;
; CBXI_PARAMETER         ; lpm_divide_c2m ; Untyped                              ;
; CARRY_CHAIN            ; MANUAL         ; Untyped                              ;
; OPTIMIZE_FOR_SPEED     ; 5              ; Untyped                              ;
; AUTO_CARRY_CHAINS      ; ON             ; AUTO_CARRY                           ;
; IGNORE_CARRY_BUFFERS   ; OFF            ; IGNORE_CARRY                         ;
; AUTO_CASCADE_CHAINS    ; ON             ; AUTO_CASCADE                         ;
; IGNORE_CASCADE_BUFFERS ; OFF            ; IGNORE_CASCADE                       ;
+------------------------+----------------+--------------------------------------+
Note: In order to hide this table in the UI and the text report file, please set the "Show Parameter Settings in Synthesis Report" option in "Analysis and Synthesis Settings -> More Settings" to "Off".


+--------------------------------------------------------------------------------+
; Parameter Settings for Inferred Entity Instance: ssd_driver:U2|lpm_divide:Div1 ;
+------------------------+----------------+--------------------------------------+
; Parameter Name         ; Value          ; Type                                 ;
+------------------------+----------------+--------------------------------------+
; LPM_WIDTHN             ; 8              ; Untyped                              ;
; LPM_WIDTHD             ; 4              ; Untyped                              ;
; LPM_NREPRESENTATION    ; UNSIGNED       ; Untyped                              ;
; LPM_DREPRESENTATION    ; UNSIGNED       ; Untyped                              ;
; LPM_PIPELINE           ; 0              ; Untyped                              ;
; LPM_REMAINDERPOSITIVE  ; TRUE           ; Untyped                              ;
; MAXIMIZE_SPEED         ; 5              ; Untyped                              ;
; CBXI_PARAMETER         ; lpm_divide_5am ; Untyped                              ;
; CARRY_CHAIN            ; MANUAL         ; Untyped                              ;
; OPTIMIZE_FOR_SPEED     ; 5              ; Untyped                              ;
; AUTO_CARRY_CHAINS      ; ON             ; AUTO_CARRY                           ;
; IGNORE_CARRY_BUFFERS   ; OFF            ; IGNORE_CARRY                         ;
; AUTO_CASCADE_CHAINS    ; ON             ; AUTO_CASCADE                         ;
; IGNORE_CASCADE_BUFFERS ; OFF            ; IGNORE_CASCADE                       ;
+------------------------+----------------+--------------------------------------+
Note: In order to hide this table in the UI and the text report file, please set the "Show Parameter Settings in Synthesis Report" option in "Analysis and Synthesis Settings -> More Settings" to "Off".


+--------------------------------------------------------------------------------+
; Parameter Settings for Inferred Entity Instance: ssd_driver:U2|lpm_divide:Mod1 ;
+------------------------+----------------+--------------------------------------+
; Parameter Name         ; Value          ; Type                                 ;
+------------------------+----------------+--------------------------------------+
; LPM_WIDTHN             ; 8              ; Untyped                              ;
; LPM_WIDTHD             ; 8              ; Untyped                              ;
; LPM_NREPRESENTATION    ; UNSIGNED       ; Untyped                              ;
; LPM_DREPRESENTATION    ; UNSIGNED       ; Untyped                              ;
; LPM_PIPELINE           ; 0              ; Untyped                              ;
; LPM_REMAINDERPOSITIVE  ; TRUE           ; Untyped                              ;
; MAXIMIZE_SPEED         ; 5              ; Untyped                              ;
; CBXI_PARAMETER         ; lpm_divide_c2m ; Untyped                              ;
; CARRY_CHAIN            ; MANUAL         ; Untyped                              ;
; OPTIMIZE_FOR_SPEED     ; 5              ; Untyped                              ;
; AUTO_CARRY_CHAINS      ; ON             ; AUTO_CARRY                           ;
; IGNORE_CARRY_BUFFERS   ; OFF            ; IGNORE_CARRY                         ;
; AUTO_CASCADE_CHAINS    ; ON             ; AUTO_CASCADE                         ;
; IGNORE_CASCADE_BUFFERS ; OFF            ; IGNORE_CASCADE                       ;
+------------------------+----------------+--------------------------------------+
Note: In order to hide this table in the UI and the text report file, please set the "Show Parameter Settings in Synthesis Report" option in "Analysis and Synthesis Settings -> More Settings" to "Off".


+-----------------------------------------------------+
; Post-Synthesis Netlist Statistics for Top Partition ;
+-----------------------+-----------------------------+
; Type                  ; Count                       ;
+-----------------------+-----------------------------+
; arriav_lcell_comb     ; 331                         ;
;     arith             ; 169                         ;
;         0 data inputs ; 38                          ;
;         1 data inputs ; 15                          ;
;         2 data inputs ; 27                          ;
;         3 data inputs ; 34                          ;
;         4 data inputs ; 49                          ;
;         5 data inputs ; 6                           ;
;     normal            ; 141                         ;
;         0 data inputs ; 2                           ;
;         1 data inputs ; 4                           ;
;         2 data inputs ; 60                          ;
;         3 data inputs ; 31                          ;
;         4 data inputs ; 30                          ;
;         5 data inputs ; 4                           ;
;         6 data inputs ; 10                          ;
;     shared            ; 21                          ;
;         0 data inputs ; 2                           ;
;         1 data inputs ; 14                          ;
;         2 data inputs ; 5                           ;
; arriav_mac            ; 1                           ;
; boundary_port         ; 38                          ;
;                       ;                             ;
; Max LUT depth         ; 33.30                       ;
; Average LUT depth     ; 29.36                       ;
+-----------------------+-----------------------------+


+-------------------------------+
; Elapsed Time Per Partition    ;
+----------------+--------------+
; Partition Name ; Elapsed Time ;
+----------------+--------------+
; Top            ; 00:00:03     ;
+----------------+--------------+


+-------------------------------+
; Analysis & Synthesis Messages ;
+-------------------------------+
Info: *******************************************************************
Info: Running Quartus Prime Analysis & Synthesis
    Info: Version 17.0.0 Build 595 04/25/2017 SJ Standard Edition
    Info: Processing started: Fri Oct 19 13:57:15 2018
Info: Command: quartus_map --read_settings_files=on --write_settings_files=off Lab7 -c Lab7
Warning (18236): Number of processors has not been specified which may cause overloading on shared machines.  Set the global assignment NUM_PARALLEL_PROCESSORS in your QSF to an appropriate value for best performance.
Info (20030): Parallel compilation is enabled and will use 4 of the 4 processors detected
Warning (12125): Using design file lab7.vhd, which is not specified as a design file for the current project, but contains definitions for 2 design units and 1 entities in project
    Info (12022): Found design unit 1: Lab7-model File: S:/CPET232/Lab7/lab7.vhd Line: 12
    Info (12023): Found entity 1: Lab7 File: S:/CPET232/Lab7/lab7.vhd Line: 5
Info (12127): Elaborating entity "Lab7" for the top level hierarchy
Warning (12125): Using design file calculator.vhd, which is not specified as a design file for the current project, but contains definitions for 2 design units and 1 entities in project
    Info (12022): Found design unit 1: calculator-model File: S:/CPET232/Lab7/calculator.vhd Line: 12
    Info (12023): Found entity 1: calculator File: S:/CPET232/Lab7/calculator.vhd Line: 5
Info (12128): Elaborating entity "calculator" for hierarchy "calculator:U1" File: S:/CPET232/Lab7/lab7.vhd Line: 28
Warning (12125): Using design file ssd_driver.vhd, which is not specified as a design file for the current project, but contains definitions for 2 design units and 1 entities in project
    Info (12022): Found design unit 1: ssd_driver-model File: S:/CPET232/Lab7/ssd_driver.vhd Line: 11
    Info (12023): Found entity 1: ssd_driver File: S:/CPET232/Lab7/ssd_driver.vhd Line: 5
Info (12128): Elaborating entity "ssd_driver" for hierarchy "ssd_driver:U2" File: S:/CPET232/Lab7/lab7.vhd Line: 29
Info (278001): Inferred 5 megafunctions from design logic
    Info (278004): Inferred divider/modulo megafunction ("lpm_divide") from the following logic: "calculator:U1|Div0" File: S:/CPET232/Lab7/calculator.vhd Line: 52
    Info (278004): Inferred divider/modulo megafunction ("lpm_divide") from the following logic: "ssd_driver:U2|Div0" File: S:/CPET232/Lab7/ssd_driver.vhd Line: 48
    Info (278004): Inferred divider/modulo megafunction ("lpm_divide") from the following logic: "ssd_driver:U2|Mod0" File: S:/CPET232/Lab7/ssd_driver.vhd Line: 49
    Info (278004): Inferred divider/modulo megafunction ("lpm_divide") from the following logic: "ssd_driver:U2|Div1" File: S:/CPET232/Lab7/ssd_driver.vhd Line: 49
    Info (278004): Inferred divider/modulo megafunction ("lpm_divide") from the following logic: "ssd_driver:U2|Mod1" File: S:/CPET232/Lab7/ssd_driver.vhd Line: 50
Info (12130): Elaborated megafunction instantiation "calculator:U1|lpm_divide:Div0" File: S:/CPET232/Lab7/calculator.vhd Line: 52
Info (12133): Instantiated megafunction "calculator:U1|lpm_divide:Div0" with the following parameter: File: S:/CPET232/Lab7/calculator.vhd Line: 52
    Info (12134): Parameter "LPM_WIDTHN" = "8"
    Info (12134): Parameter "LPM_WIDTHD" = "8"
    Info (12134): Parameter "LPM_NREPRESENTATION" = "SIGNED"
    Info (12134): Parameter "LPM_DREPRESENTATION" = "SIGNED"
    Info (12134): Parameter "LPM_HINT" = "LPM_REMAINDERPOSITIVE=FALSE"
Info (12021): Found 1 design units, including 1 entities, in source file db/lpm_divide_1oo.tdf
    Info (12023): Found entity 1: lpm_divide_1oo File: S:/CPET232/Lab7/db/lpm_divide_1oo.tdf Line: 25
Info (12021): Found 1 design units, including 1 entities, in source file db/abs_divider_aag.tdf
    Info (12023): Found entity 1: abs_divider_aag File: S:/CPET232/Lab7/db/abs_divider_aag.tdf Line: 27
Info (12021): Found 1 design units, including 1 entities, in source file db/alt_u_div_4te.tdf
    Info (12023): Found entity 1: alt_u_div_4te File: S:/CPET232/Lab7/db/alt_u_div_4te.tdf Line: 23
Info (12021): Found 1 design units, including 1 entities, in source file db/lpm_abs_nn9.tdf
    Info (12023): Found entity 1: lpm_abs_nn9 File: S:/CPET232/Lab7/db/lpm_abs_nn9.tdf Line: 23
Info (12130): Elaborated megafunction instantiation "ssd_driver:U2|lpm_divide:Div0" File: S:/CPET232/Lab7/ssd_driver.vhd Line: 48
Info (12133): Instantiated megafunction "ssd_driver:U2|lpm_divide:Div0" with the following parameter: File: S:/CPET232/Lab7/ssd_driver.vhd Line: 48
    Info (12134): Parameter "LPM_WIDTHN" = "8"
    Info (12134): Parameter "LPM_WIDTHD" = "7"
    Info (12134): Parameter "LPM_NREPRESENTATION" = "UNSIGNED"
    Info (12134): Parameter "LPM_DREPRESENTATION" = "UNSIGNED"
Info (12021): Found 1 design units, including 1 entities, in source file db/lpm_divide_8am.tdf
    Info (12023): Found entity 1: lpm_divide_8am File: S:/CPET232/Lab7/db/lpm_divide_8am.tdf Line: 25
Info (12021): Found 1 design units, including 1 entities, in source file db/sign_div_unsign_ekh.tdf
    Info (12023): Found entity 1: sign_div_unsign_ekh File: S:/CPET232/Lab7/db/sign_div_unsign_ekh.tdf Line: 25
Info (12021): Found 1 design units, including 1 entities, in source file db/alt_u_div_2te.tdf
    Info (12023): Found entity 1: alt_u_div_2te File: S:/CPET232/Lab7/db/alt_u_div_2te.tdf Line: 23
Info (12130): Elaborated megafunction instantiation "ssd_driver:U2|lpm_divide:Mod0" File: S:/CPET232/Lab7/ssd_driver.vhd Line: 49
Info (12133): Instantiated megafunction "ssd_driver:U2|lpm_divide:Mod0" with the following parameter: File: S:/CPET232/Lab7/ssd_driver.vhd Line: 49
    Info (12134): Parameter "LPM_WIDTHN" = "8"
    Info (12134): Parameter "LPM_WIDTHD" = "8"
    Info (12134): Parameter "LPM_NREPRESENTATION" = "UNSIGNED"
    Info (12134): Parameter "LPM_DREPRESENTATION" = "UNSIGNED"
Info (12021): Found 1 design units, including 1 entities, in source file db/lpm_divide_c2m.tdf
    Info (12023): Found entity 1: lpm_divide_c2m File: S:/CPET232/Lab7/db/lpm_divide_c2m.tdf Line: 25
Info (12021): Found 1 design units, including 1 entities, in source file db/sign_div_unsign_fkh.tdf
    Info (12023): Found entity 1: sign_div_unsign_fkh File: S:/CPET232/Lab7/db/sign_div_unsign_fkh.tdf Line: 25
Info (12130): Elaborated megafunction instantiation "ssd_driver:U2|lpm_divide:Div1" File: S:/CPET232/Lab7/ssd_driver.vhd Line: 49
Info (12133): Instantiated megafunction "ssd_driver:U2|lpm_divide:Div1" with the following parameter: File: S:/CPET232/Lab7/ssd_driver.vhd Line: 49
    Info (12134): Parameter "LPM_WIDTHN" = "8"
    Info (12134): Parameter "LPM_WIDTHD" = "4"
    Info (12134): Parameter "LPM_NREPRESENTATION" = "UNSIGNED"
    Info (12134): Parameter "LPM_DREPRESENTATION" = "UNSIGNED"
Info (12021): Found 1 design units, including 1 entities, in source file db/lpm_divide_5am.tdf
    Info (12023): Found entity 1: lpm_divide_5am File: S:/CPET232/Lab7/db/lpm_divide_5am.tdf Line: 25
Info (12021): Found 1 design units, including 1 entities, in source file db/sign_div_unsign_bkh.tdf
    Info (12023): Found entity 1: sign_div_unsign_bkh File: S:/CPET232/Lab7/db/sign_div_unsign_bkh.tdf Line: 25
Info (12021): Found 1 design units, including 1 entities, in source file db/alt_u_div_sse.tdf
    Info (12023): Found entity 1: alt_u_div_sse File: S:/CPET232/Lab7/db/alt_u_div_sse.tdf Line: 23
Info (12130): Elaborated megafunction instantiation "ssd_driver:U2|lpm_divide:Mod1" File: S:/CPET232/Lab7/ssd_driver.vhd Line: 50
Info (12133): Instantiated megafunction "ssd_driver:U2|lpm_divide:Mod1" with the following parameter: File: S:/CPET232/Lab7/ssd_driver.vhd Line: 50
    Info (12134): Parameter "LPM_WIDTHN" = "8"
    Info (12134): Parameter "LPM_WIDTHD" = "8"
    Info (12134): Parameter "LPM_NREPRESENTATION" = "UNSIGNED"
    Info (12134): Parameter "LPM_DREPRESENTATION" = "UNSIGNED"
Warning (13024): Output pins are stuck at VCC or GND
    Warning (13410): Pin "outHEX3[0]" is stuck at VCC File: S:/CPET232/Lab7/lab7.vhd Line: 9
    Warning (13410): Pin "outHEX3[1]" is stuck at VCC File: S:/CPET232/Lab7/lab7.vhd Line: 9
    Warning (13410): Pin "outHEX3[2]" is stuck at VCC File: S:/CPET232/Lab7/lab7.vhd Line: 9
    Warning (13410): Pin "outHEX3[3]" is stuck at VCC File: S:/CPET232/Lab7/lab7.vhd Line: 9
    Warning (13410): Pin "outHEX3[4]" is stuck at VCC File: S:/CPET232/Lab7/lab7.vhd Line: 9
    Warning (13410): Pin "outHEX3[5]" is stuck at VCC File: S:/CPET232/Lab7/lab7.vhd Line: 9
    Warning (13410): Pin "outHEX2[1]" is stuck at GND File: S:/CPET232/Lab7/lab7.vhd Line: 9
Info (286030): Timing-Driven Synthesis is running
Info (16010): Generating hard_block partition "hard_block:auto_generated_inst"
    Info (16011): Adding 0 node(s), including 0 DDIO, 0 PLL, 0 transceiver and 0 LCELL
Info (21057): Implemented 364 device resources after synthesis - the final resource count might be different
    Info (21058): Implemented 10 input pins
    Info (21059): Implemented 28 output pins
    Info (21061): Implemented 325 logic cells
    Info (21062): Implemented 1 DSP elements
Info: Quartus Prime Analysis & Synthesis was successful. 0 errors, 12 warnings
    Info: Peak virtual memory: 792 megabytes
    Info: Processing ended: Fri Oct 19 13:57:30 2018
    Info: Elapsed time: 00:00:15
    Info: Total CPU time (on all processors): 00:00:23


